Using pre-set license
Built from '2020.3/staging' branch; Version is '2020.3.8f1 (507919d4fff5) revision 5273881'; Using compiler version '192528614'; Build Type 'Release'
OS: 'Windows 10 Home Single Language; OS build 19041.1052; Version 2004; 64bit' Language: 'tr' Physical Memory: 16230 MB
BatchMode: 1, IsHumanControllingUs: 0, StartBugReporterOnCrash: 0, Is64bit: 1, IsPro: 0

 COMMAND LINE ARGUMENTS:
C:\Program Files\Unity\Hub\Editor\2020.3.8f1\Editor\Unity.exe
-adb2
-batchMode
-noUpm
-name
AssetImportWorker0
-projectPath
C:/Users/furka/GitHub/Design Patterns Study
-logFile
Logs/AssetImportWorker0.log
-srvPort
62603
Successfully changed project path to: C:/Users/furka/GitHub/Design Patterns Study
C:/Users/furka/GitHub/Design Patterns Study
Using Asset Import Pipeline V2.
Refreshing native plugins compatible for Editor in 20.32 ms, found 0 plugins.
Preloading 0 native plugins for Editor in 0.00 ms.
Initialize engine version: 2020.3.8f1 (507919d4fff5)
[Subsystems] Discovering subsystems at path C:/Program Files/Unity/Hub/Editor/2020.3.8f1/Editor/Data/Resources/UnitySubsystems
[Subsystems] Discovering subsystems at path C:/Users/furka/GitHub/Design Patterns Study/Assets
GfxDevice: creating device client; threaded=0
Direct3D:
    Version:  Direct3D 11.0 [level 11.1]
    Renderer: NVIDIA GeForce GTX 1650 with Max-Q Design (ID=0x1f91)
    Vendor:   
    VRAM:     3962 MB
    Driver:   27.21.14.6079
Initialize mono
Mono path[0] = 'C:/Program Files/Unity/Hub/Editor/2020.3.8f1/Editor/Data/Managed'
Mono path[1] = 'C:/Program Files/Unity/Hub/Editor/2020.3.8f1/Editor/Data/MonoBleedingEdge/lib/mono/unityjit'
Mono config path = 'C:/Program Files/Unity/Hub/Editor/2020.3.8f1/Editor/Data/MonoBleedingEdge/etc'
Using monoOptions --debugger-agent=transport=dt_socket,embedding=1,server=y,suspend=n,address=127.0.0.1:56456
Begin MonoManager ReloadAssembly
Registering precompiled unity dll's ...
Register platform support module: C:/Program Files/Unity/Hub/Editor/2020.3.8f1/Editor/Data/PlaybackEngines/WindowsStandaloneSupport/UnityEditor.WindowsStandalone.Extensions.dll
Registered in 0.001766 seconds.
Native extension for WindowsStandalone target not found
Refreshing native plugins compatible for Editor in 20.69 ms, found 0 plugins.
Preloading 0 native plugins for Editor in 0.00 ms.
Mono: successfully reloaded assembly
- Completed reload, in  1.525 seconds
Platform modules already initialized, skipping
Registering precompiled user dll's ...
Registered in 0.000613 seconds.
Begin MonoManager ReloadAssembly
Native extension for WindowsStandalone target not found
Refreshing native plugins compatible for Editor in 0.18 ms, found 0 plugins.
Preloading 0 native plugins for Editor in 0.00 ms.
Mono: successfully reloaded assembly
- Completed reload, in  0.682 seconds
Platform modules already initialized, skipping
========================================================================
Worker process is ready to serve import requests
Launched and connected shader compiler UnityShaderCompiler.exe after 0.05 seconds
Refreshing native plugins compatible for Editor in 0.20 ms, found 0 plugins.
Preloading 0 native plugins for Editor in 0.00 ms.
Unloading 1126 Unused Serialized files (Serialized files now loaded: 0)
System memory in use before: 57.3 MB.
System memory in use after: 57.4 MB.

Unloading 9 unused Assets to reduce memory usage. Loaded Objects now: 1570.
Total: 1.557200 ms (FindLiveObjects: 0.111300 ms CreateObjectMapping: 0.027200 ms MarkObjects: 1.375100 ms  DeleteObjects: 0.043100 ms)

========================================================================
Received Import Request.
  path: Assets/Scenes/ScriptableObject.unity
  artifactKey: Guid(fbd091cf1a4326c4da77bc9ea5a9233e) Importer(815301076,1909f56bfc062723c751e8b465ee728b)
Start importing Assets/Scenes/ScriptableObject.unity using Guid(fbd091cf1a4326c4da77bc9ea5a9233e) Importer(815301076,1909f56bfc062723c751e8b465ee728b)  -> (artifact id: '6ad14cba28eaa7ea7e6dbd0f74ca1d39') in 0.014666 seconds
  Import took 0.016246 seconds .

========================================================================
Received Import Request.
  Time since last request: 12.962717 seconds.
  path: Assets/Scenes/ScriptableObjects.unity
  artifactKey: Guid(fbd091cf1a4326c4da77bc9ea5a9233e) Importer(815301076,1909f56bfc062723c751e8b465ee728b)
Start importing Assets/Scenes/ScriptableObjects.unity using Guid(fbd091cf1a4326c4da77bc9ea5a9233e) Importer(815301076,1909f56bfc062723c751e8b465ee728b)  -> (artifact id: '5ae5e0cd5fb94e53e15b78d3faf33b77') in 0.006044 seconds
  Import took 0.007698 seconds .

========================================================================
Received Import Request.
  Time since last request: 312.191383 seconds.
  path: Assets/Scenes/Observer2.unity
  artifactKey: Guid(3da829645f63ad644850e56ca7daa5f9) Importer(815301076,1909f56bfc062723c751e8b465ee728b)
Start importing Assets/Scenes/Observer2.unity using Guid(3da829645f63ad644850e56ca7daa5f9) Importer(815301076,1909f56bfc062723c751e8b465ee728b)  -> (artifact id: '6aa39bc72b3aa94a440bd1304ab667d5') in 0.007904 seconds
  Import took 0.009767 seconds .

========================================================================
Received Import Request.
  Time since last request: 2.694340 seconds.
  path: Assets/Scenes/SampleScene.unity
  artifactKey: Guid(9fc0d4010bbf28b4594072e72b8655ab) Importer(815301076,1909f56bfc062723c751e8b465ee728b)
Start importing Assets/Scenes/SampleScene.unity using Guid(9fc0d4010bbf28b4594072e72b8655ab) Importer(815301076,1909f56bfc062723c751e8b465ee728b)  -> (artifact id: '8c6907798e7e5693c3fdbb95b642df0a') in 0.012835 seconds
  Import took 0.014583 seconds .

========================================================================
Received Import Request.
  Time since last request: 10.473716 seconds.
  path: Assets/Scenes/Observer.unity
  artifactKey: Guid(bba94fef107b52142a6cd42c2dbd6d7f) Importer(815301076,1909f56bfc062723c751e8b465ee728b)
Start importing Assets/Scenes/Observer.unity using Guid(bba94fef107b52142a6cd42c2dbd6d7f) Importer(815301076,1909f56bfc062723c751e8b465ee728b)  -> (artifact id: '16e5c17a1bbb6ff5e137fd3ce92010ee') in 0.008171 seconds
  Import took 0.010065 seconds .

========================================================================
Received Import Request.
  Time since last request: 73.342557 seconds.
  path: Assets/Scenes/ScriptableObjects.unity
  artifactKey: Guid(fbd091cf1a4326c4da77bc9ea5a9233e) Importer(815301076,1909f56bfc062723c751e8b465ee728b)
Start importing Assets/Scenes/ScriptableObjects.unity using Guid(fbd091cf1a4326c4da77bc9ea5a9233e) Importer(815301076,1909f56bfc062723c751e8b465ee728b)  -> (artifact id: '382202c068726d7effa7ce69fb661e0a') in 0.007225 seconds
  Import took 0.009017 seconds .

========================================================================
Received Prepare
Registering precompiled user dll's ...
Registered in 0.000518 seconds.
Begin MonoManager ReloadAssembly
Native extension for WindowsStandalone target not found
Refreshing native plugins compatible for Editor in 0.19 ms, found 0 plugins.
Preloading 0 native plugins for Editor in 0.00 ms.
Mono: successfully reloaded assembly
- Completed reload, in  0.686 seconds
Platform modules already initialized, skipping
Refreshing native plugins compatible for Editor in 0.19 ms, found 0 plugins.
Preloading 0 native plugins for Editor in 0.00 ms.
Unloading 1134 Unused Serialized files (Serialized files now loaded: 0)
System memory in use before: 59.4 MB.
System memory in use after: 58.9 MB.

Unloading 17 unused Assets to reduce memory usage. Loaded Objects now: 1573.
Total: 1.700400 ms (FindLiveObjects: 0.113700 ms CreateObjectMapping: 0.026400 ms MarkObjects: 1.314700 ms  DeleteObjects: 0.245000 ms)

========================================================================
Received Import Request.
  Time since last request: 97.740799 seconds.
  path: Assets/Scripts/Enemy Type.cs
  artifactKey: Guid(80fa1eb2ce81bb64e9b12271a438bdd5) Importer(815301076,1909f56bfc062723c751e8b465ee728b)
Start importing Assets/Scripts/Enemy Type.cs using Guid(80fa1eb2ce81bb64e9b12271a438bdd5) Importer(815301076,1909f56bfc062723c751e8b465ee728b)  -> (artifact id: 'bd7fbdae96719c9a43e5f994139086f4') in 0.031979 seconds
  Import took 0.033685 seconds .

========================================================================
Received Prepare
Registering precompiled user dll's ...
Registered in 0.000584 seconds.
Begin MonoManager ReloadAssembly
Native extension for WindowsStandalone target not found
Refreshing native plugins compatible for Editor in 0.18 ms, found 0 plugins.
Preloading 0 native plugins for Editor in 0.00 ms.
Mono: successfully reloaded assembly
- Completed reload, in  0.673 seconds
Platform modules already initialized, skipping
Refreshing native plugins compatible for Editor in 0.19 ms, found 0 plugins.
Preloading 0 native plugins for Editor in 0.00 ms.
Unloading 1135 Unused Serialized files (Serialized files now loaded: 0)
System memory in use before: 59.5 MB.
System memory in use after: 58.9 MB.

Unloading 17 unused Assets to reduce memory usage. Loaded Objects now: 1577.
Total: 1.684000 ms (FindLiveObjects: 0.116800 ms CreateObjectMapping: 0.027900 ms MarkObjects: 1.281000 ms  DeleteObjects: 0.257700 ms)

========================================================================
Received Prepare
Registering precompiled user dll's ...
Registered in 0.001123 seconds.
Begin MonoManager ReloadAssembly
Native extension for WindowsStandalone target not found
Refreshing native plugins compatible for Editor in 0.19 ms, found 0 plugins.
Preloading 0 native plugins for Editor in 0.00 ms.
Mono: successfully reloaded assembly
- Completed reload, in  0.699 seconds
Platform modules already initialized, skipping
Refreshing native plugins compatible for Editor in 0.18 ms, found 0 plugins.
Preloading 0 native plugins for Editor in 0.00 ms.
Unloading 1135 Unused Serialized files (Serialized files now loaded: 0)
System memory in use before: 59.5 MB.
System memory in use after: 58.9 MB.

Unloading 17 unused Assets to reduce memory usage. Loaded Objects now: 1580.
Total: 1.844600 ms (FindLiveObjects: 0.104300 ms CreateObjectMapping: 0.030300 ms MarkObjects: 1.443800 ms  DeleteObjects: 0.265400 ms)

========================================================================
Received Import Request.
  Time since last request: 505.083898 seconds.
  path: Assets/Scripts/Enemy Type.cs
  artifactKey: Guid(80fa1eb2ce81bb64e9b12271a438bdd5) Importer(815301076,1909f56bfc062723c751e8b465ee728b)
Start importing Assets/Scripts/Enemy Type.cs using Guid(80fa1eb2ce81bb64e9b12271a438bdd5) Importer(815301076,1909f56bfc062723c751e8b465ee728b)  -> (artifact id: 'ac30cd9023f468d7628543c3b635b999') in 0.004359 seconds
  Import took 0.006441 seconds .

========================================================================
Received Import Request.
  Time since last request: 23.118608 seconds.
  path: Assets/New Enemy Type.asset
  artifactKey: Guid(f7ed14aabb93a46429082c9bc5517402) Importer(815301076,1909f56bfc062723c751e8b465ee728b)
Start importing Assets/New Enemy Type.asset using Guid(f7ed14aabb93a46429082c9bc5517402) Importer(815301076,1909f56bfc062723c751e8b465ee728b)  -> (artifact id: '73be93fb85e630ee9171685f3a3b502e') in 0.013474 seconds
  Import took 0.015893 seconds .

========================================================================
Received Import Request.
  Time since last request: 0.001864 seconds.
  path: Assets/New Enemy Type.asset
  artifactKey: Guid(f7ed14aabb93a46429082c9bc5517402) Importer(815301076,1909f56bfc062723c751e8b465ee728b)
Start importing Assets/New Enemy Type.asset using Guid(f7ed14aabb93a46429082c9bc5517402) Importer(815301076,1909f56bfc062723c751e8b465ee728b)  -> (artifact id: '73be93fb85e630ee9171685f3a3b502e') in 0.004878 seconds
  Import took 0.009839 seconds .

========================================================================
Received Import Request.
  Time since last request: 16.467122 seconds.
  path: Assets/EnemyType1.asset
  artifactKey: Guid(f7ed14aabb93a46429082c9bc5517402) Importer(815301076,1909f56bfc062723c751e8b465ee728b)
Start importing Assets/EnemyType1.asset using Guid(f7ed14aabb93a46429082c9bc5517402) Importer(815301076,1909f56bfc062723c751e8b465ee728b)  -> (artifact id: '852c415d4ce074a02c836368a296b6e9') in 0.007561 seconds
  Import took 0.009506 seconds .

========================================================================
Received Prepare
Registering precompiled user dll's ...
Registered in 0.000577 seconds.
Begin MonoManager ReloadAssembly
Native extension for WindowsStandalone target not found
Refreshing native plugins compatible for Editor in 0.29 ms, found 0 plugins.
Preloading 0 native plugins for Editor in 0.00 ms.
Mono: successfully reloaded assembly
- Completed reload, in  0.760 seconds
Platform modules already initialized, skipping
Refreshing native plugins compatible for Editor in 0.19 ms, found 0 plugins.
Preloading 0 native plugins for Editor in 0.00 ms.
Unloading 1135 Unused Serialized files (Serialized files now loaded: 0)
System memory in use before: 59.5 MB.
System memory in use after: 58.9 MB.

Unloading 17 unused Assets to reduce memory usage. Loaded Objects now: 1583.
Total: 1.575600 ms (FindLiveObjects: 0.098700 ms CreateObjectMapping: 0.026600 ms MarkObjects: 1.120900 ms  DeleteObjects: 0.328400 ms)

========================================================================
Received Import Request.
  Time since last request: 220.286820 seconds.
  path: Assets/Scripts/Enemy.cs
  artifactKey: Guid(4be050200517c564b81db939ef474340) Importer(815301076,1909f56bfc062723c751e8b465ee728b)
Start importing Assets/Scripts/Enemy.cs using Guid(4be050200517c564b81db939ef474340) Importer(815301076,1909f56bfc062723c751e8b465ee728b)  -> (artifact id: '7f0b3b45121402f23ab0ce198ee87808') in 0.008485 seconds
  Import took 0.010549 seconds .

========================================================================
Received Prepare
Registering precompiled user dll's ...
Registered in 0.000541 seconds.
Begin MonoManager ReloadAssembly
Native extension for WindowsStandalone target not found
Refreshing native plugins compatible for Editor in 0.19 ms, found 0 plugins.
Preloading 0 native plugins for Editor in 0.00 ms.
Mono: successfully reloaded assembly
- Completed reload, in  0.711 seconds
Platform modules already initialized, skipping
Refreshing native plugins compatible for Editor in 0.20 ms, found 0 plugins.
Preloading 0 native plugins for Editor in 0.00 ms.
Unloading 1136 Unused Serialized files (Serialized files now loaded: 0)
System memory in use before: 59.5 MB.
System memory in use after: 59.0 MB.

Unloading 17 unused Assets to reduce memory usage. Loaded Objects now: 1587.
Total: 2.093000 ms (FindLiveObjects: 0.130300 ms CreateObjectMapping: 0.030900 ms MarkObjects: 1.616800 ms  DeleteObjects: 0.314300 ms)

========================================================================
Received Import Request.
  Time since last request: 3.018483 seconds.
  path: Assets/Scripts/Enemy Type.cs
  artifactKey: Guid(80fa1eb2ce81bb64e9b12271a438bdd5) Importer(815301076,1909f56bfc062723c751e8b465ee728b)
Start importing Assets/Scripts/Enemy Type.cs using Guid(80fa1eb2ce81bb64e9b12271a438bdd5) Importer(815301076,1909f56bfc062723c751e8b465ee728b)  -> (artifact id: '2df9b6c0f06a05e7ba916c8f27873047') in 0.006621 seconds
  Import took 0.008159 seconds .

========================================================================
Received Prepare
Registering precompiled user dll's ...
Registered in 0.000583 seconds.
Begin MonoManager ReloadAssembly
Native extension for WindowsStandalone target not found
Refreshing native plugins compatible for Editor in 0.19 ms, found 0 plugins.
Preloading 0 native plugins for Editor in 0.00 ms.
Mono: successfully reloaded assembly
- Completed reload, in  0.705 seconds
Platform modules already initialized, skipping
Refreshing native plugins compatible for Editor in 0.19 ms, found 0 plugins.
Preloading 0 native plugins for Editor in 0.00 ms.
Unloading 1136 Unused Serialized files (Serialized files now loaded: 0)
System memory in use before: 59.5 MB.
System memory in use after: 59.0 MB.

Unloading 17 unused Assets to reduce memory usage. Loaded Objects now: 1590.
Total: 1.744900 ms (FindLiveObjects: 0.114300 ms CreateObjectMapping: 0.026800 ms MarkObjects: 1.334300 ms  DeleteObjects: 0.268700 ms)

========================================================================
Received Import Request.
  Time since last request: 232.987853 seconds.
  path: Assets/Scripts/Enemy.cs
  artifactKey: Guid(4be050200517c564b81db939ef474340) Importer(815301076,1909f56bfc062723c751e8b465ee728b)
Start importing Assets/Scripts/Enemy.cs using Guid(4be050200517c564b81db939ef474340) Importer(815301076,1909f56bfc062723c751e8b465ee728b)  -> (artifact id: 'bf9069762388c4219042f88be68fbe00') in 0.003849 seconds
  Import took 0.005345 seconds .

========================================================================
Received Import Request.
  Time since last request: 12.551891 seconds.
  path: Assets/EnemyType1 1.asset
  artifactKey: Guid(cf5a258559596aa4889f622827316d8d) Importer(815301076,1909f56bfc062723c751e8b465ee728b)
Start importing Assets/EnemyType1 1.asset using Guid(cf5a258559596aa4889f622827316d8d) Importer(815301076,1909f56bfc062723c751e8b465ee728b)  -> (artifact id: '12f1a88797a0cba0e487e888b6724494') in 0.008465 seconds
  Import took 0.010255 seconds .

========================================================================
Received Import Request.
  Time since last request: 0.000276 seconds.
  path: Assets/EnemyType1.asset
  artifactKey: Guid(f7ed14aabb93a46429082c9bc5517402) Importer(815301076,1909f56bfc062723c751e8b465ee728b)
Start importing Assets/EnemyType1.asset using Guid(f7ed14aabb93a46429082c9bc5517402) Importer(815301076,1909f56bfc062723c751e8b465ee728b)  -> (artifact id: '8985a9ed4f7a1e9ed95a4f3580105820') in 0.002416 seconds
  Import took 0.004199 seconds .

========================================================================
Received Import Request.
  Time since last request: 22.839409 seconds.
  path: Assets/EnemyType2.asset
  artifactKey: Guid(f7ed14aabb93a46429082c9bc5517402) Importer(815301076,1909f56bfc062723c751e8b465ee728b)
Start importing Assets/EnemyType2.asset using Guid(f7ed14aabb93a46429082c9bc5517402) Importer(815301076,1909f56bfc062723c751e8b465ee728b)  -> (artifact id: 'ab142208eade6698bb3e0ed948ac0a4b') in 0.008761 seconds
  Import took 0.010650 seconds .

========================================================================
Received Import Request.
  Time since last request: 44.746300 seconds.
  path: Assets/EnemyType1.asset
  artifactKey: Guid(509cc3d687aa7da4d99db99dc8ca6733) Importer(815301076,1909f56bfc062723c751e8b465ee728b)
Start importing Assets/EnemyType1.asset using Guid(509cc3d687aa7da4d99db99dc8ca6733) Importer(815301076,1909f56bfc062723c751e8b465ee728b)  -> (artifact id: 'e6a0928c26b687f551746de149040cf1') in 0.003505 seconds
  Import took 0.005467 seconds .

========================================================================
Received Import Request.
  Time since last request: 0.000543 seconds.
  path: Assets/EnemyType1.asset
  artifactKey: Guid(509cc3d687aa7da4d99db99dc8ca6733) Importer(815301076,1909f56bfc062723c751e8b465ee728b)
Start importing Assets/EnemyType1.asset using Guid(509cc3d687aa7da4d99db99dc8ca6733) Importer(815301076,1909f56bfc062723c751e8b465ee728b)  -> (artifact id: 'e6a0928c26b687f551746de149040cf1') in 0.003230 seconds
  Import took 0.004885 seconds .

========================================================================
Received Import Request.
  Time since last request: 183.500002 seconds.
  path: Assets/Scripts/EnemyType.cs
  artifactKey: Guid(80fa1eb2ce81bb64e9b12271a438bdd5) Importer(815301076,1909f56bfc062723c751e8b465ee728b)
Start importing Assets/Scripts/EnemyType.cs using Guid(80fa1eb2ce81bb64e9b12271a438bdd5) Importer(815301076,1909f56bfc062723c751e8b465ee728b)  -> (artifact id: '04bc9143dd6051f23d6ffc0362525fd5') in 0.006478 seconds
  Import took 0.008465 seconds .

========================================================================
Received Import Request.
  Time since last request: 0.005165 seconds.
  path: Assets/Scripts/EnemyType.cs
  artifactKey: Guid(80fa1eb2ce81bb64e9b12271a438bdd5) Importer(815301076,1909f56bfc062723c751e8b465ee728b)
Start importing Assets/Scripts/EnemyType.cs using Guid(80fa1eb2ce81bb64e9b12271a438bdd5) Importer(815301076,1909f56bfc062723c751e8b465ee728b)  -> (artifact id: '04bc9143dd6051f23d6ffc0362525fd5') in 0.002060 seconds
  Import took 0.003886 seconds .

========================================================================
Received Prepare
Registering precompiled user dll's ...
Registered in 0.000588 seconds.
Begin MonoManager ReloadAssembly
Native extension for WindowsStandalone target not found
Refreshing native plugins compatible for Editor in 0.19 ms, found 0 plugins.
Preloading 0 native plugins for Editor in 0.00 ms.
Mono: successfully reloaded assembly
- Completed reload, in  0.707 seconds
Platform modules already initialized, skipping
Refreshing native plugins compatible for Editor in 0.19 ms, found 0 plugins.
Preloading 0 native plugins for Editor in 0.00 ms.
Unloading 1136 Unused Serialized files (Serialized files now loaded: 0)
System memory in use before: 59.5 MB.
System memory in use after: 59.0 MB.

Unloading 17 unused Assets to reduce memory usage. Loaded Objects now: 1593.
Total: 1.635200 ms (FindLiveObjects: 0.114900 ms CreateObjectMapping: 0.026600 ms MarkObjects: 1.219900 ms  DeleteObjects: 0.272900 ms)

========================================================================
Received Prepare
Registering precompiled user dll's ...
Registered in 0.000991 seconds.
Begin MonoManager ReloadAssembly
Native extension for WindowsStandalone target not found
Refreshing native plugins compatible for Editor in 0.19 ms, found 0 plugins.
Preloading 0 native plugins for Editor in 0.00 ms.
Mono: successfully reloaded assembly
- Completed reload, in  0.825 seconds
Platform modules already initialized, skipping
Refreshing native plugins compatible for Editor in 0.35 ms, found 0 plugins.
Preloading 0 native plugins for Editor in 0.00 ms.
Unloading 1136 Unused Serialized files (Serialized files now loaded: 0)
System memory in use before: 59.5 MB.
System memory in use after: 59.0 MB.

Unloading 17 unused Assets to reduce memory usage. Loaded Objects now: 1596.
Total: 2.248300 ms (FindLiveObjects: 0.140200 ms CreateObjectMapping: 0.044600 ms MarkObjects: 1.557700 ms  DeleteObjects: 0.504400 ms)

========================================================================
Received Import Request.
  Time since last request: 198.733370 seconds.
  path: Assets/EnemyType1.asset
  artifactKey: Guid(509cc3d687aa7da4d99db99dc8ca6733) Importer(815301076,1909f56bfc062723c751e8b465ee728b)
Start importing Assets/EnemyType1.asset using Guid(509cc3d687aa7da4d99db99dc8ca6733) Importer(815301076,1909f56bfc062723c751e8b465ee728b)  -> (artifact id: '08562e68e8c9496a876212834c74b7be') in 0.010734 seconds
  Import took 0.012505 seconds .

========================================================================
Received Import Request.
  Time since last request: 10.359924 seconds.
  path: Assets/EnemyType2.asset
  artifactKey: Guid(f7ed14aabb93a46429082c9bc5517402) Importer(815301076,1909f56bfc062723c751e8b465ee728b)
Start importing Assets/EnemyType2.asset using Guid(f7ed14aabb93a46429082c9bc5517402) Importer(815301076,1909f56bfc062723c751e8b465ee728b)  -> (artifact id: '43ab3cfbc96c09b042e84ea190cf861e') in 0.003783 seconds
  Import took 0.005921 seconds .

========================================================================
Received Import Request.
  Time since last request: 0.004638 seconds.
  path: Assets/EnemyType2.asset
  artifactKey: Guid(f7ed14aabb93a46429082c9bc5517402) Importer(815301076,1909f56bfc062723c751e8b465ee728b)
Start importing Assets/EnemyType2.asset using Guid(f7ed14aabb93a46429082c9bc5517402) Importer(815301076,1909f56bfc062723c751e8b465ee728b)  -> (artifact id: '43ab3cfbc96c09b042e84ea190cf861e') in 0.004352 seconds
  Import took 0.006315 seconds .

========================================================================
Received Prepare
Registering precompiled user dll's ...
Registered in 0.000622 seconds.
Begin MonoManager ReloadAssembly
Native extension for WindowsStandalone target not found
Refreshing native plugins compatible for Editor in 0.19 ms, found 0 plugins.
Preloading 0 native plugins for Editor in 0.00 ms.
Mono: successfully reloaded assembly
- Completed reload, in  0.690 seconds
Platform modules already initialized, skipping
Refreshing native plugins compatible for Editor in 0.19 ms, found 0 plugins.
Preloading 0 native plugins for Editor in 0.00 ms.
Unloading 1136 Unused Serialized files (Serialized files now loaded: 0)
System memory in use before: 59.5 MB.
System memory in use after: 59.0 MB.

Unloading 17 unused Assets to reduce memory usage. Loaded Objects now: 1599.
Total: 1.774900 ms (FindLiveObjects: 0.115800 ms CreateObjectMapping: 0.027700 ms MarkObjects: 1.357200 ms  DeleteObjects: 0.273500 ms)

AssetImportWorkerClient::OnTransportError - code=2 error=End of file
